Arguments: 
  C:\Program Files\nodejs\node.exe C:\laragon\bin\yarn\bin\yarn.js add @awesome.me/kit-KIT_CODE@latest

PATH: 
  C:\Users\andros\AppData\Local\Yarn\config\global\node_modules\.bin;C:\Users\andros\AppData\Roaming\npm;C:\Users\andros\AppData\Roaming\Composer\vendor\bin;;C:\laragon\bin\laragon\utils;C:\laragon\bin\mysql\mysql-5.7.19-winx64\bin;C:\laragon\bin\php\php-7.2.19-Win32-VC15-x64;C:\laragon\bin\composer;C:\laragon\bin\apache\httpd-2.4.27-win64-VC14\bin;C:\laragon\bin\redis\redis-x64-3.2.100;C:\laragon\bin\nodejs\node-v16.13.0;C:\laragon\bin\postgresql\postgresql-12.0\bin;C:\laragon\bin\python\python3.11;C:\laragon\bin\python\python3.11\Scripts;C:\laragon\bin\yarn\bin;C:\laragon\bin\nginx\nginx-1.16.0;C:\laragon\bin\notepad++;C:\laragon\bin\telnet;C:\laragon\bin\ngrok;C:\laragon\bin\git\bin;C:\laragon\bin\git\cmd;C:\laragon\bin\git\usr\bin;C:\laragon\bin\git\mingw64\bin;C:\laragon\bin;C:\laragon\usr\bin;C:\laragon\bin\putty;C:\laragon\bin\cmder\bin;C:\laragon\bin\cmder\vendor\conemu-maximus5\ConEmu\Scripts;C:\laragon\bin\cmder\vendor\conemu-maximus5;C:\laragon\bin\cmder\vendor\conemu-maximus5\ConEmu;C:\Python38\Scripts\;C:\Python38\;C:\laragon\bin\Python\Python37-32\Scripts\;C:\laragon\bin\Python\Python37-32\;C:\Program Files (x86)\Intel\iCLS Client\;C:\Program Files\Intel\iCLS Client\;C:\Windows\system32;C:\Windows;C:\Windows\System32\Wbem;C:\Windows\System32\WindowsPowerShell\v1.0\;C:\Program Files (x86)\NVIDIA Corporation\PhysX\Common;C:\Program Files (x86)\Intel\Intel(R) Management Engine Components\DAL;C:\Program Files\Intel\Intel(R) Management Engine Components\DAL;C:\Program Files (x86)\Intel\Intel(R) Management Engine Components\IPT;C:\Program Files\Intel\Intel(R) Management Engine Components\IPT;C:\WINDOWS\system32;C:\WINDOWS;C:\WINDOWS\System32\Wbem;C:\WINDOWS\System32\WindowsPowerShell\v1.0\;C:\WINDOWS\System32\OpenSSH\;C:\Program Files (x86)\Bitvise SSH Client;C:\Program Files\dotnet\;C:\Program Files\NVIDIA Corporation\NVIDIA NvDLISR;C:\ProgramData\chocolatey\bin;C:\WINDOWS\system32;C:\WINDOWS;C:\WINDOWS\System32\Wbem;C:\WINDOWS\System32\WindowsPowerShell\v1.0\;C:\WINDOWS\System32\OpenSSH\;C:\Program Files\PuTTY\;C:\Program Files (x86)\dotnet\;C:\Users\andros\AppData\Roaming\nvm;C:\Program Files\nodejs;C:\laragon\bin;C:\laragon\bin\apache\httpd-2.4.27-win64-VC14\bin;C:\laragon\bin\composer;C:\laragon\bin\git\bin;C:\laragon\bin\git\cmd;C:\laragon\bin\git\mingw64\bin;C:\laragon\bin\git\usr\bin;C:\laragon\bin\laragon\utils;C:\laragon\bin\mysql\mysql-5.7.19-winx64\bin;C:\laragon\bin\nginx\nginx-1.16.0;C:\laragon\bin\ngrok;C:\laragon\bin\nodejs\node-v16.13.0;C:\laragon\bin\notepad++;C:\laragon\bin\php\php-5.6.36-nts-Win32-VC11-x64;C:\laragon\bin\postgresql\postgresql-12.0\bin;C:\laragon\bin\putty;C:\laragon\bin\python\python3.11;C:\laragon\bin\python\python3.11\Scripts;C:\laragon\bin\redis\redis-x64-3.2.100;C:\laragon\bin\telnet;C:\laragon\bin\yarn\bin;C:\laragon\usr\bin;C:\Users\andros\AppData\Local\Yarn\config\global\node_modules\.bin;C:\Users\andros\AppData\Roaming\Composer\vendor\bin;C:\Users\andros\AppData\Roaming\npm;C:\Users\andros\AppData\Local\Programs\Python\Python311\Scripts\;C:\Users\andros\AppData\Local\Programs\Python\Python311\;C:\Users\andros\AppData\Local\Microsoft\WindowsApps;C:\Users\andros\AppData\Local\Programs\Microsoft VS Code\bin;C:\Users\andros\AppData\Local\Programs\Fiddler;;C:\laragon\bin\git\usr\bin;C:\laragon\bin\git\usr\share\vim\vim74;C:\laragon\bin\cmder\;

Yarn version: 
  1.0.2

Node version: 
  20.12.2

Platform: 
  win32 x64

npm manifest: 
  {
    "name": "vue-project",
    "version": "0.0.0",
    "private": true,
    "type": "module",
    "scripts": {
      "dev": "vite",
      "build": "vite build",
      "preview": "vite preview"
    },
    "dependencies": {
      "@apollo/client": "^3.10.1",
      "@fortawesome/fontawesome-svg-core": "^6.5.2",
      "@fortawesome/free-brands-svg-icons": "^6.5.2",
      "@fortawesome/free-regular-svg-icons": "^6.5.2",
      "@fortawesome/free-solid-svg-icons": "^6.5.2",
      "@fortawesome/vue-fontawesome": "^3.0.6",
      "@vue/apollo-composable": "^4.0.2",
      "apollo-boost": "^0.4.9",
      "graphql": "^16.8.1",
      "pinia": "^2.1.7",
      "vue": "^3.4.21",
      "vue-router": "^4.3.0",
      "vuetify": "^3.5.17"
    },
    "devDependencies": {
      "@vitejs/plugin-vue": "^5.0.4",
      "@vitejs/plugin-vue-jsx": "^3.1.0",
      "sass": "^1.75.0",
      "vite": "^5.2.8"
    }
  }

yarn manifest: 
  No manifest

Lockfile: 
  # THIS IS AN AUTOGENERATED FILE. DO NOT EDIT THIS FILE DIRECTLY.
  # yarn lockfile v1
  
  
  "@ampproject/remapping@^2.2.0":
    version "2.3.0"
    resolved "https://registry.yarnpkg.com/@ampproject/remapping/-/remapping-2.3.0.tgz#ed441b6fa600072520ce18b43d2c8cc8caecc7f4"
    dependencies:
      "@jridgewell/gen-mapping" "^0.3.5"
      "@jridgewell/trace-mapping" "^0.3.24"
  
  "@apollo/client@^3.10.1":
    version "3.10.1"
    resolved "https://registry.yarnpkg.com/@apollo/client/-/client-3.10.1.tgz#4c8eec28fcce25b96f27c1f1e443ec5c676e4de0"
    dependencies:
      "@graphql-typed-document-node/core" "^3.1.1"
      "@wry/caches" "^1.0.0"
      "@wry/equality" "^0.5.6"
      "@wry/trie" "^0.5.0"
      graphql-tag "^2.12.6"
      hoist-non-react-statics "^3.3.2"
      optimism "^0.18.0"
      prop-types "^15.7.2"
      rehackt "^0.1.0"
      response-iterator "^0.2.6"
      symbol-observable "^4.0.0"
      ts-invariant "^0.10.3"
      tslib "^2.3.0"
      zen-observable-ts "^1.2.5"
  
  "@babel/code-frame@^7.23.5", "@babel/code-frame@^7.24.1", "@babel/code-frame@^7.24.2":
    version "7.24.2"
    resolved "https://registry.yarnpkg.com/@babel/code-frame/-/code-frame-7.24.2.tgz#718b4b19841809a58b29b68cde80bc5e1aa6d9ae"
    dependencies:
      "@babel/highlight" "^7.24.2"
      picocolors "^1.0.0"
  
  "@babel/compat-data@^7.23.5":
    version "7.24.4"
    resolved "https://registry.yarnpkg.com/@babel/compat-data/-/compat-data-7.24.4.tgz#6f102372e9094f25d908ca0d34fc74c74606059a"
  
  "@babel/core@^7.23.3":
    version "7.24.4"
    resolved "https://registry.yarnpkg.com/@babel/core/-/core-7.24.4.tgz#1f758428e88e0d8c563874741bc4ffc4f71a4717"
    dependencies:
      "@ampproject/remapping" "^2.2.0"
      "@babel/code-frame" "^7.24.2"
      "@babel/generator" "^7.24.4"
      "@babel/helper-compilation-targets" "^7.23.6"
      "@babel/helper-module-transforms" "^7.23.3"
      "@babel/helpers" "^7.24.4"
      "@babel/parser" "^7.24.4"
      "@babel/template" "^7.24.0"
      "@babel/traverse" "^7.24.1"
      "@babel/types" "^7.24.0"
      convert-source-map "^2.0.0"
      debug "^4.1.0"
      gensync "^1.0.0-beta.2"
      json5 "^2.2.3"
      semver "^6.3.1"
  
  "@babel/generator@^7.24.1", "@babel/generator@^7.24.4":
    version "7.24.4"
    resolved "https://registry.yarnpkg.com/@babel/generator/-/generator-7.24.4.tgz#1fc55532b88adf952025d5d2d1e71f946cb1c498"
    dependencies:
      "@babel/types" "^7.24.0"
      "@jridgewell/gen-mapping" "^0.3.5"
      "@jridgewell/trace-mapping" "^0.3.25"
      jsesc "^2.5.1"
  
  "@babel/helper-annotate-as-pure@^7.22.5":
    version "7.22.5"
    resolved "https://registry.yarnpkg.com/@babel/helper-annotate-as-pure/-/helper-annotate-as-pure-7.22.5.tgz#e7f06737b197d580a01edf75d97e2c8be99d3882"
    dependencies:
      "@babel/types" "^7.22.5"
  
  "@babel/helper-compilation-targets@^7.23.6":
    version "7.23.6"
    resolved "https://registry.yarnpkg.com/@babel/helper-compilation-targets/-/helper-compilation-targets-7.23.6.tgz#4d79069b16cbcf1461289eccfbbd81501ae39991"
    dependencies:
      "@babel/compat-data" "^7.23.5"
      "@babel/helper-validator-option" "^7.23.5"
      browserslist "^4.22.2"
      lru-cache "^5.1.1"
      semver "^6.3.1"
  
  "@babel/helper-create-class-features-plugin@^7.24.4":
    version "7.24.4"
    resolved "https://registry.yarnpkg.com/@babel/helper-create-class-features-plugin/-/helper-create-class-features-plugin-7.24.4.tgz#c806f73788a6800a5cfbbc04d2df7ee4d927cce3"
    dependencies:
      "@babel/helper-annotate-as-pure" "^7.22.5"
      "@babel/helper-environment-visitor" "^7.22.20"
      "@babel/helper-function-name" "^7.23.0"
      "@babel/helper-member-expression-to-functions" "^7.23.0"
      "@babel/helper-optimise-call-expression" "^7.22.5"
      "@babel/helper-replace-supers" "^7.24.1"
      "@babel/helper-skip-transparent-expression-wrappers" "^7.22.5"
      "@babel/helper-split-export-declaration" "^7.22.6"
      semver "^6.3.1"
  
  "@babel/helper-environment-visitor@^7.22.20":
    version "7.22.20"
    resolved "https://registry.yarnpkg.com/@babel/helper-environment-visitor/-/helper-environment-visitor-7.22.20.tgz#96159db61d34a29dba454c959f5ae4a649ba9167"
  
  "@babel/helper-function-name@^7.23.0":
    version "7.23.0"
    resolved "https://registry.yarnpkg.com/@babel/helper-function-name/-/helper-function-name-7.23.0.tgz#1f9a3cdbd5b2698a670c30d2735f9af95ed52759"
    dependencies:
      "@babel/template" "^7.22.15"
      "@babel/types" "^7.23.0"
  
  "@babel/helper-hoist-variables@^7.22.5":
    version "7.22.5"
    resolved "https://registry.yarnpkg.com/@babel/helper-hoist-variables/-/helper-hoist-variables-7.22.5.tgz#c01a007dac05c085914e8fb652b339db50d823bb"
    dependencies:
      "@babel/types" "^7.22.5"
  
  "@babel/helper-member-expression-to-functions@^7.23.0":
    version "7.23.0"
    resolved "https://registry.yarnpkg.com/@babel/helper-member-expression-to-functions/-/helper-member-expression-to-functions-7.23.0.tgz#9263e88cc5e41d39ec18c9a3e0eced59a3e7d366"
    dependencies:
      "@babel/types" "^7.23.0"
  
  "@babel/helper-module-imports@^7.22.15":
    version "7.24.3"
    resolved "https://registry.yarnpkg.com/@babel/helper-module-imports/-/helper-module-imports-7.24.3.tgz#6ac476e6d168c7c23ff3ba3cf4f7841d46ac8128"
    dependencies:
      "@babel/types" "^7.24.0"
  
  "@babel/helper-module-imports@~7.22.15":
    version "7.22.15"
    resolved "https://registry.yarnpkg.com/@babel/helper-module-imports/-/helper-module-imports-7.22.15.tgz#16146307acdc40cc00c3b2c647713076464bdbf0"
    dependencies:
      "@babel/types" "^7.22.15"
  
  "@babel/helper-module-transforms@^7.23.3":
    version "7.23.3"
    resolved "https://registry.yarnpkg.com/@babel/helper-module-transforms/-/helper-module-transforms-7.23.3.tgz#d7d12c3c5d30af5b3c0fcab2a6d5217773e2d0f1"
    dependencies:
      "@babel/helper-environment-visitor" "^7.22.20"
      "@babel/helper-module-imports" "^7.22.15"
      "@babel/helper-simple-access" "^7.22.5"
      "@babel/helper-split-export-declaration" "^7.22.6"
      "@babel/helper-validator-identifier" "^7.22.20"
  
  "@babel/helper-optimise-call-expression@^7.22.5":
    version "7.22.5"
    resolved "https://registry.yarnpkg.com/@babel/helper-optimise-call-expression/-/helper-optimise-call-expression-7.22.5.tgz#f21531a9ccbff644fdd156b4077c16ff0c3f609e"
    dependencies:
      "@babel/types" "^7.22.5"
  
  "@babel/helper-plugin-utils@^7.22.5", "@babel/helper-plugin-utils@^7.24.0":
    version "7.24.0"
    resolved "https://registry.yarnpkg.com/@babel/helper-plugin-utils/-/helper-plugin-utils-7.24.0.tgz#945681931a52f15ce879fd5b86ce2dae6d3d7f2a"
  
  "@babel/helper-replace-supers@^7.24.1":
    version "7.24.1"
    resolved "https://registry.yarnpkg.com/@babel/helper-replace-supers/-/helper-replace-supers-7.24.1.tgz#7085bd19d4a0b7ed8f405c1ed73ccb70f323abc1"
    dependencies:
      "@babel/helper-environment-visitor" "^7.22.20"
      "@babel/helper-member-expression-to-functions" "^7.23.0"
      "@babel/helper-optimise-call-expression" "^7.22.5"
  
  "@babel/helper-simple-access@^7.22.5":
    version "7.22.5"
    resolved "https://registry.yarnpkg.com/@babel/helper-simple-access/-/helper-simple-access-7.22.5.tgz#4938357dc7d782b80ed6dbb03a0fba3d22b1d5de"
    dependencies:
      "@babel/types" "^7.22.5"
  
  "@babel/helper-skip-transparent-expression-wrappers@^7.22.5":
    version "7.22.5"
    resolved "https://registry.yarnpkg.com/@babel/helper-skip-transparent-expression-wrappers/-/helper-skip-transparent-expression-wrappers-7.22.5.tgz#007f15240b5751c537c40e77abb4e89eeaaa8847"
    dependencies:
      "@babel/types" "^7.22.5"
  
  "@babel/helper-split-export-declaration@^7.22.6":
    version "7.22.6"
    resolved "https://registry.yarnpkg.com/@babel/helper-split-export-declaration/-/helper-split-export-declaration-7.22.6.tgz#322c61b7310c0997fe4c323955667f18fcefb91c"
    dependencies:
      "@babel/types" "^7.22.5"
  
  "@babel/helper-string-parser@^7.23.4":
    version "7.24.1"
    resolved "https://registry.yarnpkg.com/@babel/helper-string-parser/-/helper-string-parser-7.24.1.tgz#f99c36d3593db9540705d0739a1f10b5e20c696e"
  
  "@babel/helper-validator-identifier@^7.22.20":
    version "7.22.20"
    resolved "https://registry.yarnpkg.com/@babel/helper-validator-identifier/-/helper-validator-identifier-7.22.20.tgz#c4ae002c61d2879e724581d96665583dbc1dc0e0"
  
  "@babel/helper-validator-option@^7.23.5":
    version "7.23.5"
    resolved "https://registry.yarnpkg.com/@babel/helper-validator-option/-/helper-validator-option-7.23.5.tgz#907a3fbd4523426285365d1206c423c4c5520307"
  
  "@babel/helpers@^7.24.4":
    version "7.24.4"
    resolved "https://registry.yarnpkg.com/@babel/helpers/-/helpers-7.24.4.tgz#dc00907fd0d95da74563c142ef4cd21f2cb856b6"
    dependencies:
      "@babel/template" "^7.24.0"
      "@babel/traverse" "^7.24.1"
      "@babel/types" "^7.24.0"
  
  "@babel/highlight@^7.24.2":
    version "7.24.2"
    resolved "https://registry.yarnpkg.com/@babel/highlight/-/highlight-7.24.2.tgz#3f539503efc83d3c59080a10e6634306e0370d26"
    dependencies:
      "@babel/helper-validator-identifier" "^7.22.20"
      chalk "^2.4.2"
      js-tokens "^4.0.0"
      picocolors "^1.0.0"
  
  "@babel/parser@^7.23.9", "@babel/parser@^7.24.0", "@babel/parser@^7.24.1", "@babel/parser@^7.24.4":
    version "7.24.4"
    resolved "https://registry.yarnpkg.com/@babel/parser/-/parser-7.24.4.tgz#234487a110d89ad5a3ed4a8a566c36b9453e8c88"
  
  "@babel/plugin-syntax-jsx@^7.23.3":
    version "7.24.1"
    resolved "https://registry.yarnpkg.com/@babel/plugin-syntax-jsx/-/plugin-syntax-jsx-7.24.1.tgz#3f6ca04b8c841811dbc3c5c5f837934e0d626c10"
    dependencies:
      "@babel/helper-plugin-utils" "^7.24.0"
  
  "@babel/plugin-syntax-typescript@^7.24.1":
    version "7.24.1"
    resolved "https://registry.yarnpkg.com/@babel/plugin-syntax-typescript/-/plugin-syntax-typescript-7.24.1.tgz#b3bcc51f396d15f3591683f90239de143c076844"
    dependencies:
      "@babel/helper-plugin-utils" "^7.24.0"
  
  "@babel/plugin-transform-typescript@^7.23.3":
    version "7.24.4"
    resolved "https://registry.yarnpkg.com/@babel/plugin-transform-typescript/-/plugin-transform-typescript-7.24.4.tgz#03e0492537a4b953e491f53f2bc88245574ebd15"
    dependencies:
      "@babel/helper-annotate-as-pure" "^7.22.5"
      "@babel/helper-create-class-features-plugin" "^7.24.4"
      "@babel/helper-plugin-utils" "^7.24.0"
      "@babel/plugin-syntax-typescript" "^7.24.1"
  
  "@babel/template@^7.22.15", "@babel/template@^7.23.9", "@babel/template@^7.24.0":
    version "7.24.0"
    resolved "https://registry.yarnpkg.com/@babel/template/-/template-7.24.0.tgz#c6a524aa93a4a05d66aaf31654258fae69d87d50"
    dependencies:
      "@babel/code-frame" "^7.23.5"
      "@babel/parser" "^7.24.0"
      "@babel/types" "^7.24.0"
  
  "@babel/traverse@^7.23.9", "@babel/traverse@^7.24.1":
    version "7.24.1"
    resolved "https://registry.yarnpkg.com/@babel/traverse/-/traverse-7.24.1.tgz#d65c36ac9dd17282175d1e4a3c49d5b7988f530c"
    dependencies:
      "@babel/code-frame" "^7.24.1"
      "@babel/generator" "^7.24.1"
      "@babel/helper-environment-visitor" "^7.22.20"
      "@babel/helper-function-name" "^7.23.0"
      "@babel/helper-hoist-variables" "^7.22.5"
      "@babel/helper-split-export-declaration" "^7.22.6"
      "@babel/parser" "^7.24.1"
      "@babel/types" "^7.24.0"
      debug "^4.3.1"
      globals "^11.1.0"
  
  "@babel/types@^7.22.15", "@babel/types@^7.22.5", "@babel/types@^7.23.0", "@babel/types@^7.23.9", "@babel/types@^7.24.0":
    version "7.24.0"
    resolved "https://registry.yarnpkg.com/@babel/types/-/types-7.24.0.tgz#3b951f435a92e7333eba05b7566fd297960ea1bf"
    dependencies:
      "@babel/helper-string-parser" "^7.23.4"
      "@babel/helper-validator-identifier" "^7.22.20"
      to-fast-properties "^2.0.0"
  
  "@esbuild/aix-ppc64@0.20.2":
    version "0.20.2"
    resolved "https://registry.yarnpkg.com/@esbuild/aix-ppc64/-/aix-ppc64-0.20.2.tgz#a70f4ac11c6a1dfc18b8bbb13284155d933b9537"
  
  "@esbuild/android-arm64@0.20.2":
    version "0.20.2"
    resolved "https://registry.yarnpkg.com/@esbuild/android-arm64/-/android-arm64-0.20.2.tgz#db1c9202a5bc92ea04c7b6840f1bbe09ebf9e6b9"
  
  "@esbuild/android-arm@0.20.2":
    version "0.20.2"
    resolved "https://registry.yarnpkg.com/@esbuild/android-arm/-/android-arm-0.20.2.tgz#3b488c49aee9d491c2c8f98a909b785870d6e995"
  
  "@esbuild/android-x64@0.20.2":
    version "0.20.2"
    resolved "https://registry.yarnpkg.com/@esbuild/android-x64/-/android-x64-0.20.2.tgz#3b1628029e5576249d2b2d766696e50768449f98"
  
  "@esbuild/darwin-arm64@0.20.2":
    version "0.20.2"
    resolved "https://registry.yarnpkg.com/@esbuild/darwin-arm64/-/darwin-arm64-0.20.2.tgz#6e8517a045ddd86ae30c6608c8475ebc0c4000bb"
  
  "@esbuild/darwin-x64@0.20.2":
    version "0.20.2"
    resolved "https://registry.yarnpkg.com/@esbuild/darwin-x64/-/darwin-x64-0.20.2.tgz#90ed098e1f9dd8a9381695b207e1cff45540a0d0"
  
  "@esbuild/freebsd-arm64@0.20.2":
    version "0.20.2"
    resolved "https://registry.yarnpkg.com/@esbuild/freebsd-arm64/-/freebsd-arm64-0.20.2.tgz#d71502d1ee89a1130327e890364666c760a2a911"
  
  "@esbuild/freebsd-x64@0.20.2":
    version "0.20.2"
    resolved "https://registry.yarnpkg.com/@esbuild/freebsd-x64/-/freebsd-x64-0.20.2.tgz#aa5ea58d9c1dd9af688b8b6f63ef0d3d60cea53c"
  
  "@esbuild/linux-arm64@0.20.2":
    version "0.20.2"
    resolved "https://registry.yarnpkg.com/@esbuild/linux-arm64/-/linux-arm64-0.20.2.tgz#055b63725df678379b0f6db9d0fa85463755b2e5"
  
  "@esbuild/linux-arm@0.20.2":
    version "0.20.2"
    resolved "https://registry.yarnpkg.com/@esbuild/linux-arm/-/linux-arm-0.20.2.tgz#76b3b98cb1f87936fbc37f073efabad49dcd889c"
  
  "@esbuild/linux-ia32@0.20.2":
    version "0.20.2"
    resolved "https://registry.yarnpkg.com/@esbuild/linux-ia32/-/linux-ia32-0.20.2.tgz#c0e5e787c285264e5dfc7a79f04b8b4eefdad7fa"
  
  "@esbuild/linux-loong64@0.20.2":
    version "0.20.2"
    resolved "https://registry.yarnpkg.com/@esbuild/linux-loong64/-/linux-loong64-0.20.2.tgz#a6184e62bd7cdc63e0c0448b83801001653219c5"
  
  "@esbuild/linux-mips64el@0.20.2":
    version "0.20.2"
    resolved "https://registry.yarnpkg.com/@esbuild/linux-mips64el/-/linux-mips64el-0.20.2.tgz#d08e39ce86f45ef8fc88549d29c62b8acf5649aa"
  
  "@esbuild/linux-ppc64@0.20.2":
    version "0.20.2"
    resolved "https://registry.yarnpkg.com/@esbuild/linux-ppc64/-/linux-ppc64-0.20.2.tgz#8d252f0b7756ffd6d1cbde5ea67ff8fd20437f20"
  
  "@esbuild/linux-riscv64@0.20.2":
    version "0.20.2"
    resolved "https://registry.yarnpkg.com/@esbuild/linux-riscv64/-/linux-riscv64-0.20.2.tgz#19f6dcdb14409dae607f66ca1181dd4e9db81300"
  
  "@esbuild/linux-s390x@0.20.2":
    version "0.20.2"
    resolved "https://registry.yarnpkg.com/@esbuild/linux-s390x/-/linux-s390x-0.20.2.tgz#3c830c90f1a5d7dd1473d5595ea4ebb920988685"
  
  "@esbuild/linux-x64@0.20.2":
    version "0.20.2"
    resolved "https://registry.yarnpkg.com/@esbuild/linux-x64/-/linux-x64-0.20.2.tgz#86eca35203afc0d9de0694c64ec0ab0a378f6fff"
  
  "@esbuild/netbsd-x64@0.20.2":
    version "0.20.2"
    resolved "https://registry.yarnpkg.com/@esbuild/netbsd-x64/-/netbsd-x64-0.20.2.tgz#e771c8eb0e0f6e1877ffd4220036b98aed5915e6"
  
  "@esbuild/openbsd-x64@0.20.2":
    version "0.20.2"
    resolved "https://registry.yarnpkg.com/@esbuild/openbsd-x64/-/openbsd-x64-0.20.2.tgz#9a795ae4b4e37e674f0f4d716f3e226dd7c39baf"
  
  "@esbuild/sunos-x64@0.20.2":
    version "0.20.2"
    resolved "https://registry.yarnpkg.com/@esbuild/sunos-x64/-/sunos-x64-0.20.2.tgz#7df23b61a497b8ac189def6e25a95673caedb03f"
  
  "@esbuild/win32-arm64@0.20.2":
    version "0.20.2"
    resolved "https://registry.yarnpkg.com/@esbuild/win32-arm64/-/win32-arm64-0.20.2.tgz#f1ae5abf9ca052ae11c1bc806fb4c0f519bacf90"
  
  "@esbuild/win32-ia32@0.20.2":
    version "0.20.2"
    resolved "https://registry.yarnpkg.com/@esbuild/win32-ia32/-/win32-ia32-0.20.2.tgz#241fe62c34d8e8461cd708277813e1d0ba55ce23"
  
  "@esbuild/win32-x64@0.20.2":
    version "0.20.2"
    resolved "https://registry.yarnpkg.com/@esbuild/win32-x64/-/win32-x64-0.20.2.tgz#9c907b21e30a52db959ba4f80bb01a0cc403d5cc"
  
  "@fortawesome/fontawesome-common-types@6.5.2":
    version "6.5.2"
    resolved "https://registry.yarnpkg.com/@fortawesome/fontawesome-common-types/-/fontawesome-common-types-6.5.2.tgz#eaf2f5699f73cef198454ebc0c414e3688898179"
  
  "@fortawesome/fontawesome-svg-core@^6.5.2":
    version "6.5.2"
    resolved "https://registry.yarnpkg.com/@fortawesome/fontawesome-svg-core/-/fontawesome-svg-core-6.5.2.tgz#4b42de71e196039b0d5ccf88559b8044e3296c21"
    dependencies:
      "@fortawesome/fontawesome-common-types" "6.5.2"
  
  "@fortawesome/free-brands-svg-icons@^6.5.2":
    version "6.5.2"
    resolved "https://registry.yarnpkg.com/@fortawesome/free-brands-svg-icons/-/free-brands-svg-icons-6.5.2.tgz#bfca0cebd2c4713dc93244e1fa8b384f1f023587"
    dependencies:
      "@fortawesome/fontawesome-common-types" "6.5.2"
  
  "@fortawesome/free-regular-svg-icons@^6.5.2":
    version "6.5.2"
    resolved "https://registry.yarnpkg.com/@fortawesome/free-regular-svg-icons/-/free-regular-svg-icons-6.5.2.tgz#e8e04b4368d49920abdf1bacc63c67c870635222"
    dependencies:
      "@fortawesome/fontawesome-common-types" "6.5.2"
  
  "@fortawesome/free-solid-svg-icons@^6.5.2":
    version "6.5.2"
    resolved "https://registry.yarnpkg.com/@fortawesome/free-solid-svg-icons/-/free-solid-svg-icons-6.5.2.tgz#9b40b077b27400a5e9fcbf2d15b986c7be69e9ca"
    dependencies:
      "@fortawesome/fontawesome-common-types" "6.5.2"
  
  "@fortawesome/vue-fontawesome@^3.0.6":
    version "3.0.6"
    resolved "https://registry.yarnpkg.com/@fortawesome/vue-fontawesome/-/vue-fontawesome-3.0.6.tgz#c5e627475c10869a091280610c96411d18206f3a"
  
  "@graphql-typed-document-node/core@^3.1.1":
    version "3.2.0"
    resolved "https://registry.yarnpkg.com/@graphql-typed-document-node/core/-/core-3.2.0.tgz#5f3d96ec6b2354ad6d8a28bf216a1d97b5426861"
  
  "@jridgewell/gen-mapping@^0.3.5":
    version "0.3.5"
    resolved "https://registry.yarnpkg.com/@jridgewell/gen-mapping/-/gen-mapping-0.3.5.tgz#dcce6aff74bdf6dad1a95802b69b04a2fcb1fb36"
    dependencies:
      "@jridgewell/set-array" "^1.2.1"
      "@jridgewell/sourcemap-codec" "^1.4.10"
      "@jridgewell/trace-mapping" "^0.3.24"
  
  "@jridgewell/resolve-uri@^3.1.0":
    version "3.1.2"
    resolved "https://registry.yarnpkg.com/@jridgewell/resolve-uri/-/resolve-uri-3.1.2.tgz#7a0ee601f60f99a20c7c7c5ff0c80388c1189bd6"
  
  "@jridgewell/set-array@^1.2.1":
    version "1.2.1"
    resolved "https://registry.yarnpkg.com/@jridgewell/set-array/-/set-array-1.2.1.tgz#558fb6472ed16a4c850b889530e6b36438c49280"
  
  "@jridgewell/sourcemap-codec@^1.4.10", "@jridgewell/sourcemap-codec@^1.4.14", "@jridgewell/sourcemap-codec@^1.4.15":
    version "1.4.15"
    resolved "https://registry.yarnpkg.com/@jridgewell/sourcemap-codec/-/sourcemap-codec-1.4.15.tgz#d7c6e6755c78567a951e04ab52ef0fd26de59f32"
  
  "@jridgewell/trace-mapping@^0.3.24", "@jridgewell/trace-mapping@^0.3.25":
    version "0.3.25"
    resolved "https://registry.yarnpkg.com/@jridgewell/trace-mapping/-/trace-mapping-0.3.25.tgz#15f190e98895f3fc23276ee14bc76b675c2e50f0"
    dependencies:
      "@jridgewell/resolve-uri" "^3.1.0"
      "@jridgewell/sourcemap-codec" "^1.4.14"
  
  "@rollup/rollup-android-arm-eabi@4.17.0":
    version "4.17.0"
    resolved "https://registry.yarnpkg.com/@rollup/rollup-android-arm-eabi/-/rollup-android-arm-eabi-4.17.0.tgz#bc8d14ba7673d901a0d5b4b5061dd4f843ab1797"
  
  "@rollup/rollup-android-arm64@4.17.0":
    version "4.17.0"
    resolved "https://registry.yarnpkg.com/@rollup/rollup-android-arm64/-/rollup-android-arm64-4.17.0.tgz#be0cac9af51c9c9b4b064f335fb9886b95b1df8a"
  
  "@rollup/rollup-darwin-arm64@4.17.0":
    version "4.17.0"
    resolved "https://registry.yarnpkg.com/@rollup/rollup-darwin-arm64/-/rollup-darwin-arm64-4.17.0.tgz#6e829f61560dbae75f0ba94bf345d9608150703e"
  
  "@rollup/rollup-darwin-x64@4.17.0":
    version "4.17.0"
    resolved "https://registry.yarnpkg.com/@rollup/rollup-darwin-x64/-/rollup-darwin-x64-4.17.0.tgz#4e35f5f2c28ae3e160e1259d473e51b9defa69db"
  
  "@rollup/rollup-linux-arm-gnueabihf@4.17.0":
    version "4.17.0"
    resolved "https://registry.yarnpkg.com/@rollup/rollup-linux-arm-gnueabihf/-/rollup-linux-arm-gnueabihf-4.17.0.tgz#186c3aa4a9f6db70a4d1b8b6f75b98f1dc1d004d"
  
  "@rollup/rollup-linux-arm-musleabihf@4.17.0":
    version "4.17.0"
    resolved "https://registry.yarnpkg.com/@rollup/rollup-linux-arm-musleabihf/-/rollup-linux-arm-musleabihf-4.17.0.tgz#9824aaa641d9fc12c66866a2c5d03847d43fea3a"
  
  "@rollup/rollup-linux-arm64-gnu@4.17.0":
    version "4.17.0"
    resolved "https://registry.yarnpkg.com/@rollup/rollup-linux-arm64-gnu/-/rollup-linux-arm64-gnu-4.17.0.tgz#a6c51266ec41df8431ccb3a5d9c09339264d86b8"
  
  "@rollup/rollup-linux-arm64-musl@4.17.0":
    version "4.17.0"
    resolved "https://registry.yarnpkg.com/@rollup/rollup-linux-arm64-musl/-/rollup-linux-arm64-musl-4.17.0.tgz#c862f69b1b979bae65545c55f005ca227b695778"
  
  "@rollup/rollup-linux-powerpc64le-gnu@4.17.0":
    version "4.17.0"
    resolved "https://registry.yarnpkg.com/@rollup/rollup-linux-powerpc64le-gnu/-/rollup-linux-powerpc64le-gnu-4.17.0.tgz#ce19c505ef6ce2c83df74b42824d95d38069cc2b"
  
  "@rollup/rollup-linux-riscv64-gnu@4.17.0":
    version "4.17.0"
    resolved "https://registry.yarnpkg.com/@rollup/rollup-linux-riscv64-gnu/-/rollup-linux-riscv64-gnu-4.17.0.tgz#0f9719bec216cf2769ac9f420211190b2f55c8fa"
  
  "@rollup/rollup-linux-s390x-gnu@4.17.0":
    version "4.17.0"
    resolved "https://registry.yarnpkg.com/@rollup/rollup-linux-s390x-gnu/-/rollup-linux-s390x-gnu-4.17.0.tgz#89cd27358ceb2351ae92b263df2ed0523f90b926"
  
  "@rollup/rollup-linux-x64-gnu@4.17.0":
    version "4.17.0"
    resolved "https://registry.yarnpkg.com/@rollup/rollup-linux-x64-gnu/-/rollup-linux-x64-gnu-4.17.0.tgz#854122ced306100a0f1bfe9085dce98360554efa"
  
  "@rollup/rollup-linux-x64-musl@4.17.0":
    version "4.17.0"
    resolved "https://registry.yarnpkg.com/@rollup/rollup-linux-x64-musl/-/rollup-linux-x64-musl-4.17.0.tgz#6a96d08c563cb9b90ce806ebcb218518872ec408"
  
  "@rollup/rollup-win32-arm64-msvc@4.17.0":
    version "4.17.0"
    resolved "https://registry.yarnpkg.com/@rollup/rollup-win32-arm64-msvc/-/rollup-win32-arm64-msvc-4.17.0.tgz#a0403ef24fe50d28b7c18dcf97d88d882950bbd8"
  
  "@rollup/rollup-win32-ia32-msvc@4.17.0":
    version "4.17.0"
    resolved "https://registry.yarnpkg.com/@rollup/rollup-win32-ia32-msvc/-/rollup-win32-ia32-msvc-4.17.0.tgz#b9a2dd65241a78a434592b917430702b3c360fc1"
  
  "@rollup/rollup-win32-x64-msvc@4.17.0":
    version "4.17.0"
    resolved "https://registry.yarnpkg.com/@rollup/rollup-win32-x64-msvc/-/rollup-win32-x64-msvc-4.17.0.tgz#3b8ec9d6a7eccca80dd1f16fe444abe128a2ec08"
  
  "@types/estree@1.0.5":
    version "1.0.5"
    resolved "https://registry.yarnpkg.com/@types/estree/-/estree-1.0.5.tgz#a6ce3e556e00fd9895dd872dd172ad0d4bd687f4"
  
  "@types/node@>=6":
    version "20.12.7"
    resolved "https://registry.yarnpkg.com/@types/node/-/node-20.12.7.tgz#04080362fa3dd6c5822061aa3124f5c152cff384"
    dependencies:
      undici-types "~5.26.4"
  
  "@types/zen-observable@^0.8.0":
    version "0.8.7"
    resolved "https://registry.yarnpkg.com/@types/zen-observable/-/zen-observable-0.8.7.tgz#114e2ffc8d5be4915fdd5bc90668fc0ceaadb760"
  
  "@vitejs/plugin-vue-jsx@^3.1.0":
    version "3.1.0"
    resolved "https://registry.yarnpkg.com/@vitejs/plugin-vue-jsx/-/plugin-vue-jsx-3.1.0.tgz#9953fd9456539e1f0f253bf0fcd1289e66c67cd1"
    dependencies:
      "@babel/core" "^7.23.3"
      "@babel/plugin-transform-typescript" "^7.23.3"
      "@vue/babel-plugin-jsx" "^1.1.5"
  
  "@vitejs/plugin-vue@^5.0.4":
    version "5.0.4"
    resolved "https://registry.yarnpkg.com/@vitejs/plugin-vue/-/plugin-vue-5.0.4.tgz#508d6a0f2440f86945835d903fcc0d95d1bb8a37"
  
  "@vue/apollo-composable@^4.0.2":
    version "4.0.2"
    resolved "https://registry.yarnpkg.com/@vue/apollo-composable/-/apollo-composable-4.0.2.tgz#ea3c001d25b3bf659aad5ae7a849fed3928aaa35"
    dependencies:
      throttle-debounce "^5.0.0"
      ts-essentials "^9.4.0"
      vue-demi "^0.14.6"
  
  "@vue/babel-helper-vue-transform-on@1.2.2":
    version "1.2.2"
    resolved "https://registry.yarnpkg.com/@vue/babel-helper-vue-transform-on/-/babel-helper-vue-transform-on-1.2.2.tgz#7f1f817a4f00ad531651a8d1d22e22d9e42807ef"
  
  "@vue/babel-plugin-jsx@^1.1.5":
    version "1.2.2"
    resolved "https://registry.yarnpkg.com/@vue/babel-plugin-jsx/-/babel-plugin-jsx-1.2.2.tgz#eb426fb4660aa510bb8d188ff0ec140405a97d8a"
    dependencies:
      "@babel/helper-module-imports" "~7.22.15"
      "@babel/helper-plugin-utils" "^7.22.5"
      "@babel/plugin-syntax-jsx" "^7.23.3"
      "@babel/template" "^7.23.9"
      "@babel/traverse" "^7.23.9"
      "@babel/types" "^7.23.9"
      "@vue/babel-helper-vue-transform-on" "1.2.2"
      "@vue/babel-plugin-resolve-type" "1.2.2"
      camelcase "^6.3.0"
      html-tags "^3.3.1"
      svg-tags "^1.0.0"
  
  "@vue/babel-plugin-resolve-type@1.2.2":
    version "1.2.2"
    resolved "https://registry.yarnpkg.com/@vue/babel-plugin-resolve-type/-/babel-plugin-resolve-type-1.2.2.tgz#66844898561da6449e0f4a261b0c875118e0707b"
    dependencies:
      "@babel/code-frame" "^7.23.5"
      "@babel/helper-module-imports" "~7.22.15"
      "@babel/helper-plugin-utils" "^7.22.5"
      "@babel/parser" "^7.23.9"
      "@vue/compiler-sfc" "^3.4.15"
  
  "@vue/compiler-core@3.4.25":
    version "3.4.25"
    resolved "https://registry.yarnpkg.com/@vue/compiler-core/-/compiler-core-3.4.25.tgz#691f59ee5014f6f2a2488fd4465f892e1e82f729"
    dependencies:
      "@babel/parser" "^7.24.4"
      "@vue/shared" "3.4.25"
      entities "^4.5.0"
      estree-walker "^2.0.2"
      source-map-js "^1.2.0"
  
  "@vue/compiler-dom@3.4.25":
    version "3.4.25"
    resolved "https://registry.yarnpkg.com/@vue/compiler-dom/-/compiler-dom-3.4.25.tgz#b367e0c84e11d9e9f70beabdd6f6b2277fde375f"
    dependencies:
      "@vue/compiler-core" "3.4.25"
      "@vue/shared" "3.4.25"
  
  "@vue/compiler-sfc@3.4.25", "@vue/compiler-sfc@^3.4.15":
    version "3.4.25"
    resolved "https://registry.yarnpkg.com/@vue/compiler-sfc/-/compiler-sfc-3.4.25.tgz#ceab148f81571c8b251e8a8b75a9972addf1db8b"
    dependencies:
      "@babel/parser" "^7.24.4"
      "@vue/compiler-core" "3.4.25"
      "@vue/compiler-dom" "3.4.25"
      "@vue/compiler-ssr" "3.4.25"
      "@vue/shared" "3.4.25"
      estree-walker "^2.0.2"
      magic-string "^0.30.10"
      postcss "^8.4.38"
      source-map-js "^1.2.0"
  
  "@vue/compiler-ssr@3.4.25":
    version "3.4.25"
    resolved "https://registry.yarnpkg.com/@vue/compiler-ssr/-/compiler-ssr-3.4.25.tgz#7fdd540bfdf2d4a3d6cb107b7ba4c77228d36331"
    dependencies:
      "@vue/compiler-dom" "3.4.25"
      "@vue/shared" "3.4.25"
  
  "@vue/devtools-api@^6.5.0", "@vue/devtools-api@^6.5.1":
    version "6.6.1"
    resolved "https://registry.yarnpkg.com/@vue/devtools-api/-/devtools-api-6.6.1.tgz#7c14346383751d9f6ad4bea0963245b30220ef83"
  
  "@vue/reactivity@3.4.25":
    version "3.4.25"
    resolved "https://registry.yarnpkg.com/@vue/reactivity/-/reactivity-3.4.25.tgz#74983b146e06ce3341d15382669350125375d36f"
    dependencies:
      "@vue/shared" "3.4.25"
  
  "@vue/runtime-core@3.4.25":
    version "3.4.25"
    resolved "https://registry.yarnpkg.com/@vue/runtime-core/-/runtime-core-3.4.25.tgz#c5545d469ae0827dc471a1376f97c6ace41081ec"
    dependencies:
      "@vue/reactivity" "3.4.25"
      "@vue/shared" "3.4.25"
  
  "@vue/runtime-dom@3.4.25":
    version "3.4.25"
    resolved "https://registry.yarnpkg.com/@vue/runtime-dom/-/runtime-dom-3.4.25.tgz#9bc195e4860edcd0db4303cbba5a160922b963fd"
    dependencies:
      "@vue/runtime-core" "3.4.25"
      "@vue/shared" "3.4.25"
      csstype "^3.1.3"
  
  "@vue/server-renderer@3.4.25":
    version "3.4.25"
    resolved "https://registry.yarnpkg.com/@vue/server-renderer/-/server-renderer-3.4.25.tgz#6cfc96ee631104951d5d6c09a8f1e7cef3ef3972"
    dependencies:
      "@vue/compiler-ssr" "3.4.25"
      "@vue/shared" "3.4.25"
  
  "@vue/shared@3.4.25":
    version "3.4.25"
    resolved "https://registry.yarnpkg.com/@vue/shared/-/shared-3.4.25.tgz#243ba8543e7401751e0ca319f75a80f153edd273"
  
  "@wry/caches@^1.0.0":
    version "1.0.1"
    resolved "https://registry.yarnpkg.com/@wry/caches/-/caches-1.0.1.tgz#8641fd3b6e09230b86ce8b93558d44cf1ece7e52"
    dependencies:
      tslib "^2.3.0"
  
  "@wry/context@^0.4.0":
    version "0.4.4"
    resolved "https://registry.yarnpkg.com/@wry/context/-/context-0.4.4.tgz#e50f5fa1d6cfaabf2977d1fda5ae91717f8815f8"
    dependencies:
      "@types/node" ">=6"
      tslib "^1.9.3"
  
  "@wry/context@^0.7.0":
    version "0.7.4"
    resolved "https://registry.yarnpkg.com/@wry/context/-/context-0.7.4.tgz#e32d750fa075955c4ab2cfb8c48095e1d42d5990"
    dependencies:
      tslib "^2.3.0"
  
  "@wry/equality@^0.1.2":
    version "0.1.11"
    resolved "https://registry.yarnpkg.com/@wry/equality/-/equality-0.1.11.tgz#35cb156e4a96695aa81a9ecc4d03787bc17f1790"
    dependencies:
      tslib "^1.9.3"
  
  "@wry/equality@^0.5.6":
    version "0.5.7"
    resolved "https://registry.yarnpkg.com/@wry/equality/-/equality-0.5.7.tgz#72ec1a73760943d439d56b7b1e9985aec5d497bb"
    dependencies:
      tslib "^2.3.0"
  
  "@wry/trie@^0.4.3":
    version "0.4.3"
    resolved "https://registry.yarnpkg.com/@wry/trie/-/trie-0.4.3.tgz#077d52c22365871bf3ffcbab8e95cb8bc5689af4"
    dependencies:
      tslib "^2.3.0"
  
  "@wry/trie@^0.5.0":
    version "0.5.0"
    resolved "https://registry.yarnpkg.com/@wry/trie/-/trie-0.5.0.tgz#11e783f3a53f6e4cd1d42d2d1323f5bc3fa99c94"
    dependencies:
      tslib "^2.3.0"
  
  ansi-styles@^3.2.1:
    version "3.2.1"
    resolved "https://registry.yarnpkg.com/ansi-styles/-/ansi-styles-3.2.1.tgz#41fbb20243e50b12be0f04b8dedbf07520ce841d"
    dependencies:
      color-convert "^1.9.0"
  
  anymatch@~3.1.2:
    version "3.1.3"
    resolved "https://registry.yarnpkg.com/anymatch/-/anymatch-3.1.3.tgz#790c58b19ba1720a84205b57c618d5ad8524973e"
    dependencies:
      normalize-path "^3.0.0"
      picomatch "^2.0.4"
  
  apollo-boost@^0.4.9:
    version "0.4.9"
    resolved "https://registry.yarnpkg.com/apollo-boost/-/apollo-boost-0.4.9.tgz#ab3ba539c2ca944e6fd156583a1b1954b17a6791"
    dependencies:
      apollo-cache "^1.3.5"
      apollo-cache-inmemory "^1.6.6"
      apollo-client "^2.6.10"
      apollo-link "^1.0.6"
      apollo-link-error "^1.0.3"
      apollo-link-http "^1.3.1"
      graphql-tag "^2.4.2"
      ts-invariant "^0.4.0"
      tslib "^1.10.0"
  
  apollo-cache-inmemory@^1.6.6:
    version "1.6.6"
    resolved "https://registry.yarnpkg.com/apollo-cache-inmemory/-/apollo-cache-inmemory-1.6.6.tgz#56d1f2a463a6b9db32e9fa990af16d2a008206fd"
    dependencies:
      apollo-cache "^1.3.5"
      apollo-utilities "^1.3.4"
      optimism "^0.10.0"
      ts-invariant "^0.4.0"
      tslib "^1.10.0"
  
  apollo-cache@1.3.5, apollo-cache@^1.3.5:
    version "1.3.5"
    resolved "https://registry.yarnpkg.com/apollo-cache/-/apollo-cache-1.3.5.tgz#9dbebfc8dbe8fe7f97ba568a224bca2c5d81f461"
    dependencies:
      apollo-utilities "^1.3.4"
      tslib "^1.10.0"
  
  apollo-client@^2.6.10:
    version "2.6.10"
    resolved "https://registry.yarnpkg.com/apollo-client/-/apollo-client-2.6.10.tgz#86637047b51d940c8eaa771a4ce1b02df16bea6a"
    dependencies:
      "@types/zen-observable" "^0.8.0"
      apollo-cache "1.3.5"
      apollo-link "^1.0.0"
      apollo-utilities "1.3.4"
      symbol-observable "^1.0.2"
      ts-invariant "^0.4.0"
      tslib "^1.10.0"
      zen-observable "^0.8.0"
  
  apollo-link-error@^1.0.3:
    version "1.1.13"
    resolved "https://registry.yarnpkg.com/apollo-link-error/-/apollo-link-error-1.1.13.tgz#c1a1bb876ffe380802c8df0506a32c33aad284cd"
    dependencies:
      apollo-link "^1.2.14"
      apollo-link-http-common "^0.2.16"
      tslib "^1.9.3"
  
  apollo-link-http-common@^0.2.16:
    version "0.2.16"
    resolved "https://registry.yarnpkg.com/apollo-link-http-common/-/apollo-link-http-common-0.2.16.tgz#756749dafc732792c8ca0923f9a40564b7c59ecc"
    dependencies:
      apollo-link "^1.2.14"
      ts-invariant "^0.4.0"
      tslib "^1.9.3"
  
  apollo-link-http@^1.3.1:
    version "1.5.17"
    resolved "https://registry.yarnpkg.com/apollo-link-http/-/apollo-link-http-1.5.17.tgz#499e9f1711bf694497f02c51af12d82de5d8d8ba"
    dependencies:
      apollo-link "^1.2.14"
      apollo-link-http-common "^0.2.16"
      tslib "^1.9.3"
  
  apollo-link@^1.0.0, apollo-link@^1.0.6, apollo-link@^1.2.14:
    version "1.2.14"
    resolved "https://registry.yarnpkg.com/apollo-link/-/apollo-link-1.2.14.tgz#3feda4b47f9ebba7f4160bef8b977ba725b684d9"
    dependencies:
      apollo-utilities "^1.3.0"
      ts-invariant "^0.4.0"
      tslib "^1.9.3"
      zen-observable-ts "^0.8.21"
  
  apollo-utilities@1.3.4, apollo-utilities@^1.3.0, apollo-utilities@^1.3.4:
    version "1.3.4"
    resolved "https://registry.yarnpkg.com/apollo-utilities/-/apollo-utilities-1.3.4.tgz#6129e438e8be201b6c55b0f13ce49d2c7175c9cf"
    dependencies:
      "@wry/equality" "^0.1.2"
      fast-json-stable-stringify "^2.0.0"
      ts-invariant "^0.4.0"
      tslib "^1.10.0"
  
  binary-extensions@^2.0.0:
    version "2.3.0"
    resolved "https://registry.yarnpkg.com/binary-extensions/-/binary-extensions-2.3.0.tgz#f6e14a97858d327252200242d4ccfe522c445522"
  
  braces@~3.0.2:
    version "3.0.2"
    resolved "https://registry.yarnpkg.com/braces/-/braces-3.0.2.tgz#3454e1a462ee8d599e236df336cd9ea4f8afe107"
    dependencies:
      fill-range "^7.0.1"
  
  browserslist@^4.22.2:
    version "4.23.0"
    resolved "https://registry.yarnpkg.com/browserslist/-/browserslist-4.23.0.tgz#8f3acc2bbe73af7213399430890f86c63a5674ab"
    dependencies:
      caniuse-lite "^1.0.30001587"
      electron-to-chromium "^1.4.668"
      node-releases "^2.0.14"
      update-browserslist-db "^1.0.13"
  
  camelcase@^6.3.0:
    version "6.3.0"
    resolved "https://registry.yarnpkg.com/camelcase/-/camelcase-6.3.0.tgz#5685b95eb209ac9c0c177467778c9c84df58ba9a"
  
  caniuse-lite@^1.0.30001587:
    version "1.0.30001612"
    resolved "https://registry.yarnpkg.com/caniuse-lite/-/caniuse-lite-1.0.30001612.tgz#d34248b4ec1f117b70b24ad9ee04c90e0b8a14ae"
  
  chalk@^2.4.2:
    version "2.4.2"
    resolved "https://registry.yarnpkg.com/chalk/-/chalk-2.4.2.tgz#cd42541677a54333cf541a49108c1432b44c9424"
    dependencies:
      ansi-styles "^3.2.1"
      escape-string-regexp "^1.0.5"
      supports-color "^5.3.0"
  
  "chokidar@>=3.0.0 <4.0.0":
    version "3.6.0"
    resolved "https://registry.yarnpkg.com/chokidar/-/chokidar-3.6.0.tgz#197c6cc669ef2a8dc5e7b4d97ee4e092c3eb0d5b"
    dependencies:
      anymatch "~3.1.2"
      braces "~3.0.2"
      glob-parent "~5.1.2"
      is-binary-path "~2.1.0"
      is-glob "~4.0.1"
      normalize-path "~3.0.0"
      readdirp "~3.6.0"
    optionalDependencies:
      fsevents "~2.3.2"
  
  color-convert@^1.9.0:
    version "1.9.3"
    resolved "https://registry.yarnpkg.com/color-convert/-/color-convert-1.9.3.tgz#bb71850690e1f136567de629d2d5471deda4c1e8"
    dependencies:
      color-name "1.1.3"
  
  color-name@1.1.3:
    version "1.1.3"
    resolved "https://registry.yarnpkg.com/color-name/-/color-name-1.1.3.tgz#a7d0558bd89c42f795dd42328f740831ca53bc25"
  
  convert-source-map@^2.0.0:
    version "2.0.0"
    resolved "https://registry.yarnpkg.com/convert-source-map/-/convert-source-map-2.0.0.tgz#4b560f649fc4e918dd0ab75cf4961e8bc882d82a"
  
  csstype@^3.1.3:
    version "3.1.3"
    resolved "https://registry.yarnpkg.com/csstype/-/csstype-3.1.3.tgz#d80ff294d114fb0e6ac500fbf85b60137d7eff81"
  
  debug@^4.1.0, debug@^4.3.1:
    version "4.3.4"
    resolved "https://registry.yarnpkg.com/debug/-/debug-4.3.4.tgz#1319f6579357f2338d3337d2cdd4914bb5dcc865"
    dependencies:
      ms "2.1.2"
  
  electron-to-chromium@^1.4.668:
    version "1.4.750"
    resolved "https://registry.yarnpkg.com/electron-to-chromium/-/electron-to-chromium-1.4.750.tgz#d278a619af727ed069de1317115187282b1131ee"
  
  entities@^4.5.0:
    version "4.5.0"
    resolved "https://registry.yarnpkg.com/entities/-/entities-4.5.0.tgz#5d268ea5e7113ec74c4d033b79ea5a35a488fb48"
  
  esbuild@^0.20.1:
    version "0.20.2"
    resolved "https://registry.yarnpkg.com/esbuild/-/esbuild-0.20.2.tgz#9d6b2386561766ee6b5a55196c6d766d28c87ea1"
    optionalDependencies:
      "@esbuild/aix-ppc64" "0.20.2"
      "@esbuild/android-arm" "0.20.2"
      "@esbuild/android-arm64" "0.20.2"
      "@esbuild/android-x64" "0.20.2"
      "@esbuild/darwin-arm64" "0.20.2"
      "@esbuild/darwin-x64" "0.20.2"
      "@esbuild/freebsd-arm64" "0.20.2"
      "@esbuild/freebsd-x64" "0.20.2"
      "@esbuild/linux-arm" "0.20.2"
      "@esbuild/linux-arm64" "0.20.2"
      "@esbuild/linux-ia32" "0.20.2"
      "@esbuild/linux-loong64" "0.20.2"
      "@esbuild/linux-mips64el" "0.20.2"
      "@esbuild/linux-ppc64" "0.20.2"
      "@esbuild/linux-riscv64" "0.20.2"
      "@esbuild/linux-s390x" "0.20.2"
      "@esbuild/linux-x64" "0.20.2"
      "@esbuild/netbsd-x64" "0.20.2"
      "@esbuild/openbsd-x64" "0.20.2"
      "@esbuild/sunos-x64" "0.20.2"
      "@esbuild/win32-arm64" "0.20.2"
      "@esbuild/win32-ia32" "0.20.2"
      "@esbuild/win32-x64" "0.20.2"
  
  escalade@^3.1.1:
    version "3.1.2"
    resolved "https://registry.yarnpkg.com/escalade/-/escalade-3.1.2.tgz#54076e9ab29ea5bf3d8f1ed62acffbb88272df27"
  
  escape-string-regexp@^1.0.5:
    version "1.0.5"
    resolved "https://registry.yarnpkg.com/escape-string-regexp/-/escape-string-regexp-1.0.5.tgz#1b61c0562190a8dff6ae3bb2cf0200ca130b86d4"
  
  estree-walker@^2.0.2:
    version "2.0.2"
    resolved "https://registry.yarnpkg.com/estree-walker/-/estree-walker-2.0.2.tgz#52f010178c2a4c117a7757cfe942adb7d2da4cac"
  
  fast-json-stable-stringify@^2.0.0:
    version "2.1.0"
    resolved "https://registry.yarnpkg.com/fast-json-stable-stringify/-/fast-json-stable-stringify-2.1.0.tgz#874bf69c6f404c2b5d99c481341399fd55892633"
  
  fill-range@^7.0.1:
    version "7.0.1"
    resolved "https://registry.yarnpkg.com/fill-range/-/fill-range-7.0.1.tgz#1919a6a7c75fe38b2c7c77e5198535da9acdda40"
    dependencies:
      to-regex-range "^5.0.1"
  
  fsevents@~2.3.2, fsevents@~2.3.3:
    version "2.3.3"
    resolved "https://registry.yarnpkg.com/fsevents/-/fsevents-2.3.3.tgz#cac6407785d03675a2a5e1a5305c697b347d90d6"
  
  gensync@^1.0.0-beta.2:
    version "1.0.0-beta.2"
    resolved "https://registry.yarnpkg.com/gensync/-/gensync-1.0.0-beta.2.tgz#32a6ee76c3d7f52d46b2b1ae5d93fea8580a25e0"
  
  glob-parent@~5.1.2:
    version "5.1.2"
    resolved "https://registry.yarnpkg.com/glob-parent/-/glob-parent-5.1.2.tgz#869832c58034fe68a4093c17dc15e8340d8401c4"
    dependencies:
      is-glob "^4.0.1"
  
  globals@^11.1.0:
    version "11.12.0"
    resolved "https://registry.yarnpkg.com/globals/-/globals-11.12.0.tgz#ab8795338868a0babd8525758018c2a7eb95c42e"
  
  graphql-tag@^2.12.6, graphql-tag@^2.4.2:
    version "2.12.6"
    resolved "https://registry.yarnpkg.com/graphql-tag/-/graphql-tag-2.12.6.tgz#d441a569c1d2537ef10ca3d1633b48725329b5f1"
    dependencies:
      tslib "^2.1.0"
  
  graphql@^16.8.1:
    version "16.8.1"
    resolved "https://registry.yarnpkg.com/graphql/-/graphql-16.8.1.tgz#1930a965bef1170603702acdb68aedd3f3cf6f07"
  
  has-flag@^3.0.0:
    version "3.0.0"
    resolved "https://registry.yarnpkg.com/has-flag/-/has-flag-3.0.0.tgz#b5d454dc2199ae225699f3467e5a07f3b955bafd"
  
  hoist-non-react-statics@^3.3.2:
    version "3.3.2"
    resolved "https://registry.yarnpkg.com/hoist-non-react-statics/-/hoist-non-react-statics-3.3.2.tgz#ece0acaf71d62c2969c2ec59feff42a4b1a85b45"
    dependencies:
      react-is "^16.7.0"
  
  html-tags@^3.3.1:
    version "3.3.1"
    resolved "https://registry.yarnpkg.com/html-tags/-/html-tags-3.3.1.tgz#a04026a18c882e4bba8a01a3d39cfe465d40b5ce"
  
  immutable@^4.0.0:
    version "4.3.5"
    resolved "https://registry.yarnpkg.com/immutable/-/immutable-4.3.5.tgz#f8b436e66d59f99760dc577f5c99a4fd2a5cc5a0"
  
  is-binary-path@~2.1.0:
    version "2.1.0"
    resolved "https://registry.yarnpkg.com/is-binary-path/-/is-binary-path-2.1.0.tgz#ea1f7f3b80f064236e83470f86c09c254fb45b09"
    dependencies:
      binary-extensions "^2.0.0"
  
  is-extglob@^2.1.1:
    version "2.1.1"
    resolved "https://registry.yarnpkg.com/is-extglob/-/is-extglob-2.1.1.tgz#a88c02535791f02ed37c76a1b9ea9773c833f8c2"
  
  is-glob@^4.0.1, is-glob@~4.0.1:
    version "4.0.3"
    resolved "https://registry.yarnpkg.com/is-glob/-/is-glob-4.0.3.tgz#64f61e42cbbb2eec2071a9dac0b28ba1e65d5084"
    dependencies:
      is-extglob "^2.1.1"
  
  is-number@^7.0.0:
    version "7.0.0"
    resolved "https://registry.yarnpkg.com/is-number/-/is-number-7.0.0.tgz#7535345b896734d5f80c4d06c50955527a14f12b"
  
  "js-tokens@^3.0.0 || ^4.0.0", js-tokens@^4.0.0:
    version "4.0.0"
    resolved "https://registry.yarnpkg.com/js-tokens/-/js-tokens-4.0.0.tgz#19203fb59991df98e3a287050d4647cdeaf32499"
  
  jsesc@^2.5.1:
    version "2.5.2"
    resolved "https://registry.yarnpkg.com/jsesc/-/jsesc-2.5.2.tgz#80564d2e483dacf6e8ef209650a67df3f0c283a4"
  
  json5@^2.2.3:
    version "2.2.3"
    resolved "https://registry.yarnpkg.com/json5/-/json5-2.2.3.tgz#78cd6f1a19bdc12b73db5ad0c61efd66c1e29283"
  
  loose-envify@^1.4.0:
    version "1.4.0"
    resolved "https://registry.yarnpkg.com/loose-envify/-/loose-envify-1.4.0.tgz#71ee51fa7be4caec1a63839f7e682d8132d30caf"
    dependencies:
      js-tokens "^3.0.0 || ^4.0.0"
  
  lru-cache@^5.1.1:
    version "5.1.1"
    resolved "https://registry.yarnpkg.com/lru-cache/-/lru-cache-5.1.1.tgz#1da27e6710271947695daf6848e847f01d84b920"
    dependencies:
      yallist "^3.0.2"
  
  magic-string@^0.30.10:
    version "0.30.10"
    resolved "https://registry.yarnpkg.com/magic-string/-/magic-string-0.30.10.tgz#123d9c41a0cb5640c892b041d4cfb3bd0aa4b39e"
    dependencies:
      "@jridgewell/sourcemap-codec" "^1.4.15"
  
  ms@2.1.2:
    version "2.1.2"
    resolved "https://registry.yarnpkg.com/ms/-/ms-2.1.2.tgz#d09d1f357b443f493382a8eb3ccd183872ae6009"
  
  nanoid@^3.3.7:
    version "3.3.7"
    resolved "https://registry.yarnpkg.com/nanoid/-/nanoid-3.3.7.tgz#d0c301a691bc8d54efa0a2226ccf3fe2fd656bd8"
  
  node-releases@^2.0.14:
    version "2.0.14"
    resolved "https://registry.yarnpkg.com/node-releases/-/node-releases-2.0.14.tgz#2ffb053bceb8b2be8495ece1ab6ce600c4461b0b"
  
  normalize-path@^3.0.0, normalize-path@~3.0.0:
    version "3.0.0"
    resolved "https://registry.yarnpkg.com/normalize-path/-/normalize-path-3.0.0.tgz#0dcd69ff23a1c9b11fd0978316644a0388216a65"
  
  object-assign@^4.1.1:
    version "4.1.1"
    resolved "https://registry.yarnpkg.com/object-assign/-/object-assign-4.1.1.tgz#2109adc7965887cfc05cbbd442cac8bfbb360863"
  
  optimism@^0.10.0:
    version "0.10.3"
    resolved "https://registry.yarnpkg.com/optimism/-/optimism-0.10.3.tgz#163268fdc741dea2fb50f300bedda80356445fd7"
    dependencies:
      "@wry/context" "^0.4.0"
  
  optimism@^0.18.0:
    version "0.18.0"
    resolved "https://registry.yarnpkg.com/optimism/-/optimism-0.18.0.tgz#e7bb38b24715f3fdad8a9a7fc18e999144bbfa63"
    dependencies:
      "@wry/caches" "^1.0.0"
      "@wry/context" "^0.7.0"
      "@wry/trie" "^0.4.3"
      tslib "^2.3.0"
  
  picocolors@^1.0.0:
    version "1.0.0"
    resolved "https://registry.yarnpkg.com/picocolors/-/picocolors-1.0.0.tgz#cb5bdc74ff3f51892236eaf79d68bc44564ab81c"
  
  picomatch@^2.0.4, picomatch@^2.2.1:
    version "2.3.1"
    resolved "https://registry.yarnpkg.com/picomatch/-/picomatch-2.3.1.tgz#3ba3833733646d9d3e4995946c1365a67fb07a42"
  
  pinia@^2.1.7:
    version "2.1.7"
    resolved "https://registry.yarnpkg.com/pinia/-/pinia-2.1.7.tgz#4cf5420d9324ca00b7b4984d3fbf693222115bbc"
    dependencies:
      "@vue/devtools-api" "^6.5.0"
      vue-demi ">=0.14.5"
  
  postcss@^8.4.38:
    version "8.4.38"
    resolved "https://registry.yarnpkg.com/postcss/-/postcss-8.4.38.tgz#b387d533baf2054288e337066d81c6bee9db9e0e"
    dependencies:
      nanoid "^3.3.7"
      picocolors "^1.0.0"
      source-map-js "^1.2.0"
  
  prop-types@^15.7.2:
    version "15.8.1"
    resolved "https://registry.yarnpkg.com/prop-types/-/prop-types-15.8.1.tgz#67d87bf1a694f48435cf332c24af10214a3140b5"
    dependencies:
      loose-envify "^1.4.0"
      object-assign "^4.1.1"
      react-is "^16.13.1"
  
  react-is@^16.13.1, react-is@^16.7.0:
    version "16.13.1"
    resolved "https://registry.yarnpkg.com/react-is/-/react-is-16.13.1.tgz#789729a4dc36de2999dc156dd6c1d9c18cea56a4"
  
  readdirp@~3.6.0:
    version "3.6.0"
    resolved "https://registry.yarnpkg.com/readdirp/-/readdirp-3.6.0.tgz#74a370bd857116e245b29cc97340cd431a02a6c7"
    dependencies:
      picomatch "^2.2.1"
  
  rehackt@^0.1.0:
    version "0.1.0"
    resolved "https://registry.yarnpkg.com/rehackt/-/rehackt-0.1.0.tgz#a7c5e289c87345f70da8728a7eb878e5d03c696b"
  
  response-iterator@^0.2.6:
    version "0.2.6"
    resolved "https://registry.yarnpkg.com/response-iterator/-/response-iterator-0.2.6.tgz#249005fb14d2e4eeb478a3f735a28fd8b4c9f3da"
  
  rollup@^4.13.0:
    version "4.17.0"
    resolved "https://registry.yarnpkg.com/rollup/-/rollup-4.17.0.tgz#690d78d8b023efba5b118598b0dc8831a3c27246"
    dependencies:
      "@types/estree" "1.0.5"
    optionalDependencies:
      "@rollup/rollup-android-arm-eabi" "4.17.0"
      "@rollup/rollup-android-arm64" "4.17.0"
      "@rollup/rollup-darwin-arm64" "4.17.0"
      "@rollup/rollup-darwin-x64" "4.17.0"
      "@rollup/rollup-linux-arm-gnueabihf" "4.17.0"
      "@rollup/rollup-linux-arm-musleabihf" "4.17.0"
      "@rollup/rollup-linux-arm64-gnu" "4.17.0"
      "@rollup/rollup-linux-arm64-musl" "4.17.0"
      "@rollup/rollup-linux-powerpc64le-gnu" "4.17.0"
      "@rollup/rollup-linux-riscv64-gnu" "4.17.0"
      "@rollup/rollup-linux-s390x-gnu" "4.17.0"
      "@rollup/rollup-linux-x64-gnu" "4.17.0"
      "@rollup/rollup-linux-x64-musl" "4.17.0"
      "@rollup/rollup-win32-arm64-msvc" "4.17.0"
      "@rollup/rollup-win32-ia32-msvc" "4.17.0"
      "@rollup/rollup-win32-x64-msvc" "4.17.0"
      fsevents "~2.3.2"
  
  sass@^1.75.0:
    version "1.75.0"
    resolved "https://registry.yarnpkg.com/sass/-/sass-1.75.0.tgz#91bbe87fb02dfcc34e052ddd6ab80f60d392be6c"
    dependencies:
      chokidar ">=3.0.0 <4.0.0"
      immutable "^4.0.0"
      source-map-js ">=0.6.2 <2.0.0"
  
  semver@^6.3.1:
    version "6.3.1"
    resolved "https://registry.yarnpkg.com/semver/-/semver-6.3.1.tgz#556d2ef8689146e46dcea4bfdd095f3434dffcb4"
  
  "source-map-js@>=0.6.2 <2.0.0", source-map-js@^1.2.0:
    version "1.2.0"
    resolved "https://registry.yarnpkg.com/source-map-js/-/source-map-js-1.2.0.tgz#16b809c162517b5b8c3e7dcd315a2a5c2612b2af"
  
  supports-color@^5.3.0:
    version "5.5.0"
    resolved "https://registry.yarnpkg.com/supports-color/-/supports-color-5.5.0.tgz#e2e69a44ac8772f78a1ec0b35b689df6530efc8f"
    dependencies:
      has-flag "^3.0.0"
  
  svg-tags@^1.0.0:
    version "1.0.0"
    resolved "https://registry.yarnpkg.com/svg-tags/-/svg-tags-1.0.0.tgz#58f71cee3bd519b59d4b2a843b6c7de64ac04764"
  
  symbol-observable@^1.0.2:
    version "1.2.0"
    resolved "https://registry.yarnpkg.com/symbol-observable/-/symbol-observable-1.2.0.tgz#c22688aed4eab3cdc2dfeacbb561660560a00804"
  
  symbol-observable@^4.0.0:
    version "4.0.0"
    resolved "https://registry.yarnpkg.com/symbol-observable/-/symbol-observable-4.0.0.tgz#5b425f192279e87f2f9b937ac8540d1984b39205"
  
  throttle-debounce@^5.0.0:
    version "5.0.0"
    resolved "https://registry.yarnpkg.com/throttle-debounce/-/throttle-debounce-5.0.0.tgz#a17a4039e82a2ed38a5e7268e4132d6960d41933"
  
  to-fast-properties@^2.0.0:
    version "2.0.0"
    resolved "https://registry.yarnpkg.com/to-fast-properties/-/to-fast-properties-2.0.0.tgz#dc5e698cbd079265bc73e0377681a4e4e83f616e"
  
  to-regex-range@^5.0.1:
    version "5.0.1"
    resolved "https://registry.yarnpkg.com/to-regex-range/-/to-regex-range-5.0.1.tgz#1648c44aae7c8d988a326018ed72f5b4dd0392e4"
    dependencies:
      is-number "^7.0.0"
  
  ts-essentials@^9.4.0:
    version "9.4.2"
    resolved "https://registry.yarnpkg.com/ts-essentials/-/ts-essentials-9.4.2.tgz#6d4bd23b46b61bf3e031816cc887e839eb62c33c"
  
  ts-invariant@^0.10.3:
    version "0.10.3"
    resolved "https://registry.yarnpkg.com/ts-invariant/-/ts-invariant-0.10.3.tgz#3e048ff96e91459ffca01304dbc7f61c1f642f6c"
    dependencies:
      tslib "^2.1.0"
  
  ts-invariant@^0.4.0:
    version "0.4.4"
    resolved "https://registry.yarnpkg.com/ts-invariant/-/ts-invariant-0.4.4.tgz#97a523518688f93aafad01b0e80eb803eb2abd86"
    dependencies:
      tslib "^1.9.3"
  
  tslib@^1.10.0, tslib@^1.9.3:
    version "1.14.1"
    resolved "https://registry.yarnpkg.com/tslib/-/tslib-1.14.1.tgz#cf2d38bdc34a134bcaf1091c41f6619e2f672d00"
  
  tslib@^2.1.0, tslib@^2.3.0:
    version "2.6.2"
    resolved "https://registry.yarnpkg.com/tslib/-/tslib-2.6.2.tgz#703ac29425e7b37cd6fd456e92404d46d1f3e4ae"
  
  undici-types@~5.26.4:
    version "5.26.5"
    resolved "https://registry.yarnpkg.com/undici-types/-/undici-types-5.26.5.tgz#bcd539893d00b56e964fd2657a4866b221a65617"
  
  update-browserslist-db@^1.0.13:
    version "1.0.13"
    resolved "https://registry.yarnpkg.com/update-browserslist-db/-/update-browserslist-db-1.0.13.tgz#3c5e4f5c083661bd38ef64b6328c26ed6c8248c4"
    dependencies:
      escalade "^3.1.1"
      picocolors "^1.0.0"
  
  vite@^5.2.8:
    version "5.2.10"
    resolved "https://registry.yarnpkg.com/vite/-/vite-5.2.10.tgz#2ac927c91e99d51b376a5c73c0e4b059705f5bd7"
    dependencies:
      esbuild "^0.20.1"
      postcss "^8.4.38"
      rollup "^4.13.0"
    optionalDependencies:
      fsevents "~2.3.3"
  
  vue-demi@>=0.14.5, vue-demi@^0.14.6:
    version "0.14.7"
    resolved "https://registry.yarnpkg.com/vue-demi/-/vue-demi-0.14.7.tgz#8317536b3ef74c5b09f268f7782e70194567d8f2"
  
  vue-router@^4.3.0:
    version "4.3.2"
    resolved "https://registry.yarnpkg.com/vue-router/-/vue-router-4.3.2.tgz#08096c7765dacc6832f58e35f7a081a8b34116a7"
    dependencies:
      "@vue/devtools-api" "^6.5.1"
  
  vue@^3.4.21:
    version "3.4.25"
    resolved "https://registry.yarnpkg.com/vue/-/vue-3.4.25.tgz#e59d4ed36389647b52ff2fd7aa84bb6691f4205b"
    dependencies:
      "@vue/compiler-dom" "3.4.25"
      "@vue/compiler-sfc" "3.4.25"
      "@vue/runtime-dom" "3.4.25"
      "@vue/server-renderer" "3.4.25"
      "@vue/shared" "3.4.25"
  
  vuetify@^3.5.17:
    version "3.5.17"
    resolved "https://registry.yarnpkg.com/vuetify/-/vuetify-3.5.17.tgz#b45b94910da08b39a3c2f91f9bb4828fc96ea3e1"
  
  yallist@^3.0.2:
    version "3.1.1"
    resolved "https://registry.yarnpkg.com/yallist/-/yallist-3.1.1.tgz#dbb7daf9bfd8bac9ab45ebf602b8cbad0d5d08fd"
  
  zen-observable-ts@^0.8.21:
    version "0.8.21"
    resolved "https://registry.yarnpkg.com/zen-observable-ts/-/zen-observable-ts-0.8.21.tgz#85d0031fbbde1eba3cd07d3ba90da241215f421d"
    dependencies:
      tslib "^1.9.3"
      zen-observable "^0.8.0"
  
  zen-observable-ts@^1.2.5:
    version "1.2.5"
    resolved "https://registry.yarnpkg.com/zen-observable-ts/-/zen-observable-ts-1.2.5.tgz#6c6d9ea3d3a842812c6e9519209365a122ba8b58"
    dependencies:
      zen-observable "0.8.15"
  
  zen-observable@0.8.15, zen-observable@^0.8.0:
    version "0.8.15"
    resolved "https://registry.yarnpkg.com/zen-observable/-/zen-observable-0.8.15.tgz#96415c512d8e3ffd920afd3889604e30b9eaac15"

Trace: 
  Error: https://registry.yarnpkg.com/@awesome.me%2fkit-KIT_CODE: Not found
      at params.callback [as _callback] (C:\laragon\bin\yarn\lib\cli.js:60302:18)
      at self.callback (C:\laragon\bin\yarn\lib\cli.js:117370:22)
      at Request.emit (node:events:518:28)
      at Request.<anonymous> (C:\laragon\bin\yarn\lib\cli.js:118353:10)
      at Request.emit (node:events:518:28)
      at IncomingMessage.<anonymous> (C:\laragon\bin\yarn\lib\cli.js:118273:12)
      at Object.onceWrapper (node:events:632:28)
      at IncomingMessage.emit (node:events:530:35)
      at endReadableNT (node:internal/streams/readable:1696:12)
      at process.processTicksAndRejections (node:internal/process/task_queues:82:21)
